<?xml version="1.0" encoding="UTF-8"?>
<!-- Generated by org.testng.reporters.JUnitReportReporter -->
<testsuite skipped="0" hostname="KiwiTechs-Mac-mini-5.local" name="testClasses.LoginTests" tests="1" failures="0" timestamp="14 Nov 2018 11:09:09 GMT" time="94.454" errors="0">
  <testcase name="positiveLoginWithEmail" time="94.454" classname="testClasses.LoginTests"/>
</testsuite> <!-- testClasses.LoginTests -->
