<?xml version="1.0" encoding="UTF-8"?>
<!-- Generated by org.testng.reporters.JUnitReportReporter -->
<testsuite skipped="0" hostname="KT-MAC-46.local" name="testClasses.test" tests="1" failures="0" timestamp="26 Nov 2018 04:15:35 GMT" time="37.202" errors="0">
  <testcase name="f" time="37.202" classname="testClasses.test"/>
</testsuite> <!-- testClasses.test -->
