<?xml version="1.0" encoding="UTF-8"?>
<!-- Generated by org.testng.reporters.JUnitReportReporter -->
<testsuite skipped="0" hostname="KT-MAC-46.local" name="testClasses.EXAMPLE" tests="1" failures="0" timestamp="22 Nov 2018 03:50:59 GMT" time="30.038" errors="0">
  <testcase name="test" time="30.038" classname="testClasses.EXAMPLE"/>
</testsuite> <!-- testClasses.EXAMPLE -->
