<?xml version="1.0" encoding="UTF-8"?>
<!-- Generated by org.testng.reporters.JUnitReportReporter -->
<testsuite skipped="0" hostname="KiwiTechs-Mac-mini-5.local" name="testClasses.InsuranceTests" tests="1" failures="0" timestamp="20 Nov 2018 04:32:12 GMT" time="152.467" errors="0">
  <testcase name="addinsurance" time="152.467" classname="testClasses.InsuranceTests"/>
</testsuite> <!-- testClasses.InsuranceTests -->
