<?xml version="1.0" encoding="UTF-8"?>
<!-- Generated by org.testng.reporters.JUnitReportReporter -->
<testsuite skipped="0" hostname="KiwiTechs-Mac-mini-5.local" name="testClasses.CreditCardTest" tests="2" failures="0" timestamp="20 Nov 2018 04:32:12 GMT" time="268.272" errors="0">
  <testcase name="addCreditCard" time="130.945" classname="testClasses.CreditCardTest"/>
  <testcase name="addCreditCard" time="137.327" classname="testClasses.CreditCardTest"/>
</testsuite> <!-- testClasses.CreditCardTest -->
