<?xml version="1.0" encoding="UTF-8"?>
<!-- Generated by org.testng.reporters.JUnitReportReporter -->
<testsuite skipped="0" hostname="KT-MAC-46.local" name="testClasses.CreditCardTest" tests="1" failures="0" timestamp="05 Dec 2018 10:56:33 GMT" time="126.191" errors="0">
  <testcase name="addCreditCard" time="126.191" classname="testClasses.CreditCardTest"/>
</testsuite> <!-- testClasses.CreditCardTest -->
